[0m20:25:55.053075 [debug] [MainThread]: Sending event: {'category': 'dbt', 'action': 'invocation', 'label': 'start', 'context': [<snowplow_tracker.self_describing_json.SelfDescribingJson object at 0x0000013B1D909760>, <snowplow_tracker.self_describing_json.SelfDescribingJson object at 0x0000013B21653470>, <snowplow_tracker.self_describing_json.SelfDescribingJson object at 0x0000013B1E6255B0>]}


============================== 20:25:55.053075 | 3cf596c0-71e6-4c0c-9c65-0644ac710cd9 ==============================
[0m20:25:55.053075 [info ] [MainThread]: Running with dbt=1.11.11
[0m20:25:55.053075 [debug] [MainThread]: running dbt with arguments {'version_check': 'True', 'no_print': 'None', 'static_parser': 'True', 'warn_error_options': 'WarnErrorOptionsV2(error=[], warn=[], silence=[])', 'target_path': 'None', 'printer_width': '80', 'write_json': 'True', 'empty': 'None', 'log_cache_events': 'False', 'introspect': 'True', 'cache_selected_only': 'False', 'fail_fast': 'False', 'debug': 'False', 'log_format': 'default', 'partial_parse': 'True', 'send_anonymous_usage_stats': 'True', 'quiet': 'False', 'warn_error': 'None', 'profiles_dir': 'C:\\Users\\cyril\\.dbt', 'use_colors': 'True', 'indirect_selection': 'eager', 'invocation_command': 'dbt init ecopulse_dbt', 'use_experimental_parser': 'False', 'log_path': 'logs'}
[0m20:25:55.106294 [info ] [MainThread]: Creating dbt configuration folder at C:\Users\cyril\.dbt
[0m20:25:55.121591 [debug] [MainThread]: Starter project path: C:\Users\cyril\AppData\Local\Programs\Python\Python312\Lib\site-packages\dbt\include\starter_project
[0m20:25:55.157876 [info ] [MainThread]: 
Your new dbt project "ecopulse_dbt" was created!

For more information on how to configure the profiles.yml file,
please consult the dbt documentation here:

  https://docs.getdbt.com/docs/configure-your-profile

One more thing:

Need help? Don't hesitate to reach out to us via GitHub issues or on Slack:

  https://community.getdbt.com/

Happy modeling!

[0m20:25:55.162648 [info ] [MainThread]: Setting up your profile.
[0m20:32:40.592342 [info ] [MainThread]: Profile ecopulse_dbt written to C:\Users\cyril\.dbt\profiles.yml using target's profile_template.yml and your supplied values. Run 'dbt debug' to validate the connection.
[0m20:32:40.597148 [debug] [MainThread]: Command `dbt init` succeeded at 20:32:40.597148 after 405.74 seconds
[0m20:32:40.597148 [debug] [MainThread]: Sending event: {'category': 'dbt', 'action': 'invocation', 'label': 'end', 'context': [<snowplow_tracker.self_describing_json.SelfDescribingJson object at 0x0000013B2173CEF0>, <snowplow_tracker.self_describing_json.SelfDescribingJson object at 0x0000013B33F86480>, <snowplow_tracker.self_describing_json.SelfDescribingJson object at 0x0000013B33C88D10>]}
[0m20:32:40.601496 [debug] [MainThread]: Flushing usage events
[0m20:32:41.537600 [debug] [MainThread]: An error was encountered while trying to flush usage events
[0m11:22:51.552479 [debug] [MainThread]: Sending event: {'category': 'dbt', 'action': 'invocation', 'label': 'start', 'context': [<snowplow_tracker.self_describing_json.SelfDescribingJson object at 0x0000021259946630>, <snowplow_tracker.self_describing_json.SelfDescribingJson object at 0x000002125797E090>, <snowplow_tracker.self_describing_json.SelfDescribingJson object at 0x000002125797E0F0>]}


============================== 11:22:51.552479 | b4bbed1e-d34a-46fa-a43a-dd6167b401d8 ==============================
[0m11:22:51.552479 [info ] [MainThread]: Running with dbt=1.11.11
[0m11:22:51.552479 [debug] [MainThread]: running dbt with arguments {'version_check': 'True', 'no_print': 'None', 'static_parser': 'True', 'warn_error_options': 'WarnErrorOptionsV2(error=[], warn=[], silence=[])', 'target_path': 'None', 'printer_width': '80', 'write_json': 'True', 'introspect': 'True', 'log_cache_events': 'False', 'empty': 'False', 'cache_selected_only': 'False', 'fail_fast': 'False', 'debug': 'False', 'log_format': 'default', 'profiles_dir': 'C:\\Users\\cyril\\.dbt', 'send_anonymous_usage_stats': 'True', 'quiet': 'False', 'warn_error': 'None', 'partial_parse': 'True', 'indirect_selection': 'eager', 'use_colors': 'True', 'invocation_command': 'dbt run', 'use_experimental_parser': 'False', 'log_path': 'logs'}
[0m11:22:51.552479 [error] [MainThread]: Encountered an error:
Runtime Error
  No dbt_project.yml found at expected path C:\Users\cyril\OneDrive\Bureau\EcoPulse-Ingestor\dbt_project.yml
  Verify that each entry within packages.yml (and their transitive dependencies) contains a file named dbt_project.yml
  
[0m11:22:51.552479 [debug] [MainThread]: Command `dbt run` failed at 11:22:51.552479 after 0.14 seconds
[0m11:22:51.552479 [debug] [MainThread]: Sending event: {'category': 'dbt', 'action': 'invocation', 'label': 'end', 'context': [<snowplow_tracker.self_describing_json.SelfDescribingJson object at 0x000002125659C710>, <snowplow_tracker.self_describing_json.SelfDescribingJson object at 0x0000021259D972F0>, <snowplow_tracker.self_describing_json.SelfDescribingJson object at 0x00000212591A0A70>]}
[0m11:22:51.552479 [debug] [MainThread]: Flushing usage events
[0m11:22:52.202384 [debug] [MainThread]: An error was encountered while trying to flush usage events
[0m11:23:10.432391 [debug] [MainThread]: Sending event: {'category': 'dbt', 'action': 'invocation', 'label': 'start', 'context': [<snowplow_tracker.self_describing_json.SelfDescribingJson object at 0x0000017C3B93D7C0>, <snowplow_tracker.self_describing_json.SelfDescribingJson object at 0x0000017C38DFC920>, <snowplow_tracker.self_describing_json.SelfDescribingJson object at 0x0000017C3BD4A330>]}


============================== 11:23:10.437521 | f459b865-5d22-453f-aa6f-443588c173b7 ==============================
[0m11:23:10.437521 [info ] [MainThread]: Running with dbt=1.11.11
[0m11:23:10.437521 [debug] [MainThread]: running dbt with arguments {'version_check': 'True', 'no_print': 'None', 'static_parser': 'True', 'warn_error_options': 'WarnErrorOptionsV2(error=[], warn=[], silence=[])', 'target_path': 'None', 'printer_width': '80', 'write_json': 'True', 'introspect': 'True', 'log_cache_events': 'False', 'empty': 'False', 'cache_selected_only': 'False', 'fail_fast': 'False', 'debug': 'False', 'log_format': 'default', 'profiles_dir': 'C:\\Users\\cyril\\.dbt', 'send_anonymous_usage_stats': 'True', 'quiet': 'False', 'warn_error': 'None', 'partial_parse': 'True', 'invocation_command': 'dbt run', 'indirect_selection': 'eager', 'use_colors': 'True', 'use_experimental_parser': 'False', 'log_path': 'logs'}
[0m11:23:10.437521 [error] [MainThread]: Encountered an error:
Runtime Error
  No dbt_project.yml found at expected path C:\Users\cyril\OneDrive\Bureau\EcoPulse-Ingestor\dbt_project.yml
  Verify that each entry within packages.yml (and their transitive dependencies) contains a file named dbt_project.yml
  
[0m11:23:10.439530 [debug] [MainThread]: Command `dbt run` failed at 11:23:10.439530 after 0.13 seconds
[0m11:23:10.439530 [debug] [MainThread]: Sending event: {'category': 'dbt', 'action': 'invocation', 'label': 'end', 'context': [<snowplow_tracker.self_describing_json.SelfDescribingJson object at 0x0000017C3B06CDD0>, <snowplow_tracker.self_describing_json.SelfDescribingJson object at 0x0000017C3BD4A330>, <snowplow_tracker.self_describing_json.SelfDescribingJson object at 0x0000017C391BF230>]}
[0m11:23:10.439530 [debug] [MainThread]: Flushing usage events
[0m11:23:10.993261 [debug] [MainThread]: An error was encountered while trying to flush usage events
[0m11:26:21.332443 [debug] [MainThread]: Sending event: {'category': 'dbt', 'action': 'invocation', 'label': 'start', 'context': [<snowplow_tracker.self_describing_json.SelfDescribingJson object at 0x0000020A648EF200>, <snowplow_tracker.self_describing_json.SelfDescribingJson object at 0x0000020A6850E6F0>, <snowplow_tracker.self_describing_json.SelfDescribingJson object at 0x0000020A6850F200>]}


============================== 11:26:21.332443 | 0092897a-4f0d-4bbe-997e-dcd54fdbcc08 ==============================
[0m11:26:21.332443 [info ] [MainThread]: Running with dbt=1.11.11
[0m11:26:21.332443 [debug] [MainThread]: running dbt with arguments {'version_check': 'True', 'no_print': 'None', 'static_parser': 'True', 'target_path': 'None', 'warn_error_options': 'WarnErrorOptionsV2(error=[], warn=[], silence=[])', 'printer_width': '80', 'write_json': 'True', 'introspect': 'True', 'log_cache_events': 'False', 'empty': 'None', 'cache_selected_only': 'False', 'log_format': 'default', 'debug': 'False', 'fail_fast': 'False', 'partial_parse': 'True', 'send_anonymous_usage_stats': 'True', 'quiet': 'False', 'warn_error': 'None', 'profiles_dir': 'C:\\Users\\cyril\\.dbt', 'invocation_command': 'dbt debug', 'indirect_selection': 'eager', 'use_colors': 'True', 'use_experimental_parser': 'False', 'log_path': 'logs'}
[0m11:26:21.352475 [info ] [MainThread]: dbt version: 1.11.11
[0m11:26:21.352475 [info ] [MainThread]: python version: 3.12.10
[0m11:26:21.352475 [info ] [MainThread]: python path: C:\Users\cyril\AppData\Local\Programs\Python\Python312\python.exe
[0m11:26:21.352475 [info ] [MainThread]: os info: Windows-11-10.0.26200-SP0
[0m11:26:23.562358 [info ] [MainThread]: Using profiles dir at C:\Users\cyril\.dbt
[0m11:26:23.562358 [info ] [MainThread]: Using profiles.yml file at C:\Users\cyril\.dbt\profiles.yml
[0m11:26:23.562358 [info ] [MainThread]: Using dbt_project.yml file at C:\Users\cyril\OneDrive\Bureau\EcoPulse-Ingestor\dbt_project.yml
[0m11:26:23.562358 [info ] [MainThread]: adapter type: bigquery
[0m11:26:23.562358 [info ] [MainThread]: adapter version: 1.11.1
[0m11:26:23.562358 [info ] [MainThread]: Configuration:
[0m11:26:23.562358 [info ] [MainThread]:   profiles.yml file [[32mOK found and valid[0m]
[0m11:26:23.562358 [info ] [MainThread]:   dbt_project.yml file [[31mERROR not found[0m]
[0m11:26:23.562358 [info ] [MainThread]: Required dependencies:
[0m11:26:23.562358 [debug] [MainThread]: Executing "git --help"
[0m11:26:23.603887 [debug] [MainThread]: STDOUT: "b"usage: git [-v | --version] [-h | --help] [-C <path>] [-c <name>=<value>]\n           [--exec-path[=<path>]] [--html-path] [--man-path] [--info-path]\n           [-p | --paginate | -P | --no-pager] [--no-replace-objects] [--no-lazy-fetch]\n           [--no-optional-locks] [--no-advice] [--bare] [--git-dir=<path>]\n           [--work-tree=<path>] [--namespace=<name>] [--config-env=<name>=<envvar>]\n           <command> [<args>]\n\nThese are common Git commands used in various situations:\n\nstart a working area (see also: git help tutorial)\n   clone      Clone a repository into a new directory\n   init       Create an empty Git repository or reinitialize an existing one\n\nwork on the current change (see also: git help everyday)\n   add        Add file contents to the index\n   mv         Move or rename a file, a directory, or a symlink\n   restore    Restore working tree files\n   rm         Remove files from the working tree and from the index\n\nexamine the history and state (see also: git help revisions)\n   bisect     Use binary search to find the commit that introduced a bug\n   diff       Show changes between commits, commit and working tree, etc\n   grep       Print lines matching a pattern\n   log        Show commit logs\n   show       Show various types of objects\n   status     Show the working tree status\n\ngrow, mark and tweak your common history\n   backfill   Download missing objects in a partial clone\n   branch     List, create, or delete branches\n   commit     Record changes to the repository\n   merge      Join two or more development histories together\n   rebase     Reapply commits on top of another base tip\n   reset      Set `HEAD` or the index to a known state\n   switch     Switch branches\n   tag        Create, list, delete or verify tags\n\ncollaborate (see also: git help workflows)\n   fetch      Download objects and refs from another repository\n   pull       Fetch from and integrate with another repository or a local branch\n   push       Update remote refs along with associated objects\n\n'git help -a' and 'git help -g' list available subcommands and some\nconcept guides. See 'git help <command>' or 'git help <concept>'\nto read about a specific subcommand or concept.\nSee 'git help git' for an overview of the system.\n""
[0m11:26:23.603887 [debug] [MainThread]: STDERR: "b''"
[0m11:26:23.612376 [info ] [MainThread]:  - git [[32mOK found[0m]

[0m11:26:23.612376 [info ] [MainThread]: Connection:
[0m11:26:23.612376 [info ] [MainThread]:   method: service-account
[0m11:26:23.613450 [info ] [MainThread]:   database: ecopulse-project-497716
[0m11:26:23.613450 [info ] [MainThread]:   execution_project: ecopulse-project-497716
[0m11:26:23.613450 [info ] [MainThread]:   schema: ecopulse_dbt
[0m11:26:23.614451 [info ] [MainThread]:   location: us-central1
[0m11:26:23.614451 [info ] [MainThread]:   priority: interactive
[0m11:26:23.614451 [info ] [MainThread]:   maximum_bytes_billed: None
[0m11:26:23.614451 [info ] [MainThread]:   impersonate_service_account: None
[0m11:26:23.615449 [info ] [MainThread]:   job_retry_deadline_seconds: None
[0m11:26:23.615449 [info ] [MainThread]:   job_retries: 1
[0m11:26:23.615449 [info ] [MainThread]:   job_creation_timeout_seconds: None
[0m11:26:23.615449 [info ] [MainThread]:   job_execution_timeout_seconds: 300
[0m11:26:23.616448 [info ] [MainThread]:   timeout_seconds: 300
[0m11:26:23.616448 [info ] [MainThread]:   client_id: None
[0m11:26:23.616448 [info ] [MainThread]:   token_uri: None
[0m11:26:23.616448 [info ] [MainThread]:   compute_region: None
[0m11:26:23.616448 [info ] [MainThread]:   dataproc_cluster_name: None
[0m11:26:23.617448 [info ] [MainThread]:   gcs_bucket: None
[0m11:26:23.617448 [info ] [MainThread]:   dataproc_batch: None
[0m11:26:23.617448 [info ] [MainThread]: Registered adapter: bigquery=1.11.1
[0m11:26:23.887770 [debug] [MainThread]: Acquiring new bigquery connection 'debug'
[0m11:26:23.892797 [debug] [MainThread]: On debug: select 1 as id
[0m11:26:23.892797 [debug] [MainThread]: Opening a new connection, currently in state init
[0m11:26:25.874463 [debug] [MainThread]: BigQuery adapter: https://console.cloud.google.com/bigquery?project=ecopulse-project-497716&j=bq:us-central1:8e895647-cedd-4d1b-a76f-43ae6804a504&page=queryresults
[0m11:26:26.185703 [debug] [MainThread]: SQL status: OK in 0.308 seconds
[0m11:26:26.562834 [info ] [MainThread]:   Connection test: [[32mOK connection ok[0m]

[0m11:26:26.562834 [info ] [MainThread]: [31m1 check failed:[0m
[0m11:26:26.562834 [info ] [MainThread]: Project loading failed for the following reason:
 project path <C:\Users\cyril\OneDrive\Bureau\EcoPulse-Ingestor\dbt_project.yml> not found

[0m11:26:26.562834 [debug] [MainThread]: Command `dbt debug` failed at 11:26:26.562834 after 5.37 seconds
[0m11:26:26.562834 [debug] [MainThread]: Connection 'debug' was properly closed.
[0m11:26:26.562834 [debug] [MainThread]: Sending event: {'category': 'dbt', 'action': 'invocation', 'label': 'end', 'context': [<snowplow_tracker.self_describing_json.SelfDescribingJson object at 0x0000020A6944A390>, <snowplow_tracker.self_describing_json.SelfDescribingJson object at 0x0000020A654CCBF0>, <snowplow_tracker.self_describing_json.SelfDescribingJson object at 0x0000020A666CF080>]}
[0m11:26:26.562834 [debug] [MainThread]: Flushing usage events
[0m11:26:27.162650 [debug] [MainThread]: An error was encountered while trying to flush usage events
[0m11:27:27.385391 [debug] [MainThread]: Sending event: {'category': 'dbt', 'action': 'invocation', 'label': 'start', 'context': [<snowplow_tracker.self_describing_json.SelfDescribingJson object at 0x0000021925FB0A70>, <snowplow_tracker.self_describing_json.SelfDescribingJson object at 0x0000021922DBC6E0>, <snowplow_tracker.self_describing_json.SelfDescribingJson object at 0x0000021925A4D100>]}


============================== 11:27:27.390214 | cca0ea73-8353-4a27-b5c2-b0b70eb8f514 ==============================
[0m11:27:27.390214 [info ] [MainThread]: Running with dbt=1.11.11
[0m11:27:27.390214 [debug] [MainThread]: running dbt with arguments {'version_check': 'True', 'no_print': 'None', 'static_parser': 'True', 'warn_error_options': 'WarnErrorOptionsV2(error=[], warn=[], silence=[])', 'target_path': 'None', 'printer_width': '80', 'write_json': 'True', 'introspect': 'True', 'log_cache_events': 'False', 'empty': 'None', 'cache_selected_only': 'False', 'fail_fast': 'False', 'debug': 'False', 'log_format': 'default', 'partial_parse': 'True', 'send_anonymous_usage_stats': 'True', 'quiet': 'False', 'warn_error': 'None', 'profiles_dir': 'C:\\Users\\cyril\\.dbt', 'indirect_selection': 'eager', 'use_colors': 'True', 'invocation_command': 'dbt debug', 'use_experimental_parser': 'False', 'log_path': 'logs'}
[0m11:27:27.392727 [info ] [MainThread]: dbt version: 1.11.11
[0m11:27:27.392727 [info ] [MainThread]: python version: 3.12.10
[0m11:27:27.392727 [info ] [MainThread]: python path: C:\Users\cyril\AppData\Local\Programs\Python\Python312\python.exe
[0m11:27:27.402626 [info ] [MainThread]: os info: Windows-11-10.0.26200-SP0
[0m11:27:27.962445 [info ] [MainThread]: Using profiles dir at C:\Users\cyril\.dbt
[0m11:27:27.962445 [info ] [MainThread]: Using profiles.yml file at C:\Users\cyril\.dbt\profiles.yml
[0m11:27:27.962445 [info ] [MainThread]: Using dbt_project.yml file at C:\Users\cyril\OneDrive\Bureau\EcoPulse-Ingestor\dbt_project.yml
[0m11:27:27.962445 [info ] [MainThread]: adapter type: bigquery
[0m11:27:27.962445 [info ] [MainThread]: adapter version: 1.11.1
[0m11:27:27.962445 [info ] [MainThread]: Configuration:
[0m11:27:27.962445 [info ] [MainThread]:   profiles.yml file [[32mOK found and valid[0m]
[0m11:27:27.962445 [info ] [MainThread]:   dbt_project.yml file [[31mERROR not found[0m]
[0m11:27:27.962445 [info ] [MainThread]: Required dependencies:
[0m11:27:27.962445 [debug] [MainThread]: Executing "git --help"
[0m11:27:28.004175 [debug] [MainThread]: STDOUT: "b"usage: git [-v | --version] [-h | --help] [-C <path>] [-c <name>=<value>]\n           [--exec-path[=<path>]] [--html-path] [--man-path] [--info-path]\n           [-p | --paginate | -P | --no-pager] [--no-replace-objects] [--no-lazy-fetch]\n           [--no-optional-locks] [--no-advice] [--bare] [--git-dir=<path>]\n           [--work-tree=<path>] [--namespace=<name>] [--config-env=<name>=<envvar>]\n           <command> [<args>]\n\nThese are common Git commands used in various situations:\n\nstart a working area (see also: git help tutorial)\n   clone      Clone a repository into a new directory\n   init       Create an empty Git repository or reinitialize an existing one\n\nwork on the current change (see also: git help everyday)\n   add        Add file contents to the index\n   mv         Move or rename a file, a directory, or a symlink\n   restore    Restore working tree files\n   rm         Remove files from the working tree and from the index\n\nexamine the history and state (see also: git help revisions)\n   bisect     Use binary search to find the commit that introduced a bug\n   diff       Show changes between commits, commit and working tree, etc\n   grep       Print lines matching a pattern\n   log        Show commit logs\n   show       Show various types of objects\n   status     Show the working tree status\n\ngrow, mark and tweak your common history\n   backfill   Download missing objects in a partial clone\n   branch     List, create, or delete branches\n   commit     Record changes to the repository\n   merge      Join two or more development histories together\n   rebase     Reapply commits on top of another base tip\n   reset      Set `HEAD` or the index to a known state\n   switch     Switch branches\n   tag        Create, list, delete or verify tags\n\ncollaborate (see also: git help workflows)\n   fetch      Download objects and refs from another repository\n   pull       Fetch from and integrate with another repository or a local branch\n   push       Update remote refs along with associated objects\n\n'git help -a' and 'git help -g' list available subcommands and some\nconcept guides. See 'git help <command>' or 'git help <concept>'\nto read about a specific subcommand or concept.\nSee 'git help git' for an overview of the system.\n""
[0m11:27:28.005369 [debug] [MainThread]: STDERR: "b''"
[0m11:27:28.005369 [info ] [MainThread]:  - git [[32mOK found[0m]

[0m11:27:28.005369 [info ] [MainThread]: Connection:
[0m11:27:28.006367 [info ] [MainThread]:   method: service-account
[0m11:27:28.006367 [info ] [MainThread]:   database: ecopulse-project-497716
[0m11:27:28.006367 [info ] [MainThread]:   execution_project: ecopulse-project-497716
[0m11:27:28.007371 [info ] [MainThread]:   schema: ecopulse_dbt
[0m11:27:28.007371 [info ] [MainThread]:   location: US
[0m11:27:28.007371 [info ] [MainThread]:   priority: interactive
[0m11:27:28.007371 [info ] [MainThread]:   maximum_bytes_billed: None
[0m11:27:28.008366 [info ] [MainThread]:   impersonate_service_account: None
[0m11:27:28.008366 [info ] [MainThread]:   job_retry_deadline_seconds: None
[0m11:27:28.008366 [info ] [MainThread]:   job_retries: 1
[0m11:27:28.008366 [info ] [MainThread]:   job_creation_timeout_seconds: None
[0m11:27:28.009370 [info ] [MainThread]:   job_execution_timeout_seconds: 300
[0m11:27:28.009370 [info ] [MainThread]:   timeout_seconds: 300
[0m11:27:28.009370 [info ] [MainThread]:   client_id: None
[0m11:27:28.009370 [info ] [MainThread]:   token_uri: None
[0m11:27:28.010366 [info ] [MainThread]:   compute_region: None
[0m11:27:28.010366 [info ] [MainThread]:   dataproc_cluster_name: None
[0m11:27:28.010366 [info ] [MainThread]:   gcs_bucket: None
[0m11:27:28.010366 [info ] [MainThread]:   dataproc_batch: None
[0m11:27:28.011368 [info ] [MainThread]: Registered adapter: bigquery=1.11.1
[0m11:27:28.264693 [debug] [MainThread]: Acquiring new bigquery connection 'debug'
[0m11:27:28.264693 [debug] [MainThread]: On debug: select 1 as id
[0m11:27:28.264693 [debug] [MainThread]: Opening a new connection, currently in state init
[0m11:27:29.192632 [debug] [MainThread]: BigQuery adapter: https://console.cloud.google.com/bigquery?project=ecopulse-project-497716&j=bq:US:93d59d87-c60b-4f3c-8387-453267e971e3&page=queryresults
[0m11:27:29.444920 [debug] [MainThread]: SQL status: OK in 0.251 seconds
[0m11:27:29.716844 [info ] [MainThread]:   Connection test: [[32mOK connection ok[0m]

[0m11:27:29.722934 [info ] [MainThread]: [31m1 check failed:[0m
[0m11:27:29.722934 [info ] [MainThread]: Project loading failed for the following reason:
 project path <C:\Users\cyril\OneDrive\Bureau\EcoPulse-Ingestor\dbt_project.yml> not found

[0m11:27:29.722934 [debug] [MainThread]: Command `dbt debug` failed at 11:27:29.722934 after 2.45 seconds
[0m11:27:29.722934 [debug] [MainThread]: Connection 'debug' was properly closed.
[0m11:27:29.722934 [debug] [MainThread]: Sending event: {'category': 'dbt', 'action': 'invocation', 'label': 'end', 'context': [<snowplow_tracker.self_describing_json.SelfDescribingJson object at 0x0000021924E8BBF0>, <snowplow_tracker.self_describing_json.SelfDescribingJson object at 0x0000021938845BB0>, <snowplow_tracker.self_describing_json.SelfDescribingJson object at 0x0000021923647E30>]}
[0m11:27:29.722934 [debug] [MainThread]: Flushing usage events
[0m11:27:30.292849 [debug] [MainThread]: An error was encountered while trying to flush usage events
[0m11:27:44.154670 [debug] [MainThread]: Sending event: {'category': 'dbt', 'action': 'invocation', 'label': 'start', 'context': [<snowplow_tracker.self_describing_json.SelfDescribingJson object at 0x000001B4E0E97740>, <snowplow_tracker.self_describing_json.SelfDescribingJson object at 0x000001B4DDFB57F0>, <snowplow_tracker.self_describing_json.SelfDescribingJson object at 0x000001B4E17716A0>]}


============================== 11:27:44.156707 | 8dede660-e300-4684-a081-02b0d1c3e9a5 ==============================
[0m11:27:44.156707 [info ] [MainThread]: Running with dbt=1.11.11
[0m11:27:44.158716 [debug] [MainThread]: running dbt with arguments {'static_parser': 'True', 'no_print': 'None', 'version_check': 'True', 'target_path': 'None', 'warn_error_options': 'WarnErrorOptionsV2(error=[], warn=[], silence=[])', 'printer_width': '80', 'write_json': 'True', 'empty': 'None', 'log_cache_events': 'False', 'introspect': 'True', 'cache_selected_only': 'False', 'log_format': 'default', 'debug': 'False', 'fail_fast': 'False', 'profiles_dir': 'C:\\Users\\cyril\\.dbt', 'send_anonymous_usage_stats': 'True', 'quiet': 'False', 'warn_error': 'None', 'partial_parse': 'True', 'invocation_command': 'dbt debug', 'indirect_selection': 'eager', 'use_colors': 'True', 'use_experimental_parser': 'False', 'log_path': 'logs'}
[0m11:27:44.170633 [info ] [MainThread]: dbt version: 1.11.11
[0m11:27:44.170633 [info ] [MainThread]: python version: 3.12.10
[0m11:27:44.170633 [info ] [MainThread]: python path: C:\Users\cyril\AppData\Local\Programs\Python\Python312\python.exe
[0m11:27:44.172642 [info ] [MainThread]: os info: Windows-11-10.0.26200-SP0
[0m11:27:44.732574 [info ] [MainThread]: Using profiles dir at C:\Users\cyril\.dbt
[0m11:27:44.734600 [info ] [MainThread]: Using profiles.yml file at C:\Users\cyril\.dbt\profiles.yml
[0m11:27:44.734600 [info ] [MainThread]: Using dbt_project.yml file at C:\Users\cyril\OneDrive\Bureau\EcoPulse-Ingestor\dbt_project.yml
[0m11:27:44.734600 [info ] [MainThread]: adapter type: bigquery
[0m11:27:44.736604 [info ] [MainThread]: adapter version: 1.11.1
[0m11:27:44.736604 [info ] [MainThread]: Configuration:
[0m11:27:44.736604 [info ] [MainThread]:   profiles.yml file [[32mOK found and valid[0m]
[0m11:27:44.736604 [info ] [MainThread]:   dbt_project.yml file [[31mERROR not found[0m]
[0m11:27:44.736604 [info ] [MainThread]: Required dependencies:
[0m11:27:44.736604 [debug] [MainThread]: Executing "git --help"
[0m11:27:44.778003 [debug] [MainThread]: STDOUT: "b"usage: git [-v | --version] [-h | --help] [-C <path>] [-c <name>=<value>]\n           [--exec-path[=<path>]] [--html-path] [--man-path] [--info-path]\n           [-p | --paginate | -P | --no-pager] [--no-replace-objects] [--no-lazy-fetch]\n           [--no-optional-locks] [--no-advice] [--bare] [--git-dir=<path>]\n           [--work-tree=<path>] [--namespace=<name>] [--config-env=<name>=<envvar>]\n           <command> [<args>]\n\nThese are common Git commands used in various situations:\n\nstart a working area (see also: git help tutorial)\n   clone      Clone a repository into a new directory\n   init       Create an empty Git repository or reinitialize an existing one\n\nwork on the current change (see also: git help everyday)\n   add        Add file contents to the index\n   mv         Move or rename a file, a directory, or a symlink\n   restore    Restore working tree files\n   rm         Remove files from the working tree and from the index\n\nexamine the history and state (see also: git help revisions)\n   bisect     Use binary search to find the commit that introduced a bug\n   diff       Show changes between commits, commit and working tree, etc\n   grep       Print lines matching a pattern\n   log        Show commit logs\n   show       Show various types of objects\n   status     Show the working tree status\n\ngrow, mark and tweak your common history\n   backfill   Download missing objects in a partial clone\n   branch     List, create, or delete branches\n   commit     Record changes to the repository\n   merge      Join two or more development histories together\n   rebase     Reapply commits on top of another base tip\n   reset      Set `HEAD` or the index to a known state\n   switch     Switch branches\n   tag        Create, list, delete or verify tags\n\ncollaborate (see also: git help workflows)\n   fetch      Download objects and refs from another repository\n   pull       Fetch from and integrate with another repository or a local branch\n   push       Update remote refs along with associated objects\n\n'git help -a' and 'git help -g' list available subcommands and some\nconcept guides. See 'git help <command>' or 'git help <concept>'\nto read about a specific subcommand or concept.\nSee 'git help git' for an overview of the system.\n""
[0m11:27:44.779005 [debug] [MainThread]: STDERR: "b''"
[0m11:27:44.779005 [info ] [MainThread]:  - git [[32mOK found[0m]

[0m11:27:44.779005 [info ] [MainThread]: Connection:
[0m11:27:44.780007 [info ] [MainThread]:   method: service-account
[0m11:27:44.780007 [info ] [MainThread]:   database: ecopulse-project-497716
[0m11:27:44.780007 [info ] [MainThread]:   execution_project: ecopulse-project-497716
[0m11:27:44.781005 [info ] [MainThread]:   schema: ecopulse_dbt
[0m11:27:44.781005 [info ] [MainThread]:   location: us-central1
[0m11:27:44.781005 [info ] [MainThread]:   priority: interactive
[0m11:27:44.781005 [info ] [MainThread]:   maximum_bytes_billed: None
[0m11:27:44.781005 [info ] [MainThread]:   impersonate_service_account: None
[0m11:27:44.781005 [info ] [MainThread]:   job_retry_deadline_seconds: None
[0m11:27:44.782511 [info ] [MainThread]:   job_retries: 1
[0m11:27:44.782511 [info ] [MainThread]:   job_creation_timeout_seconds: None
[0m11:27:44.782511 [info ] [MainThread]:   job_execution_timeout_seconds: 300
[0m11:27:44.782511 [info ] [MainThread]:   timeout_seconds: 300
[0m11:27:44.782511 [info ] [MainThread]:   client_id: None
[0m11:27:44.783518 [info ] [MainThread]:   token_uri: None
[0m11:27:44.783518 [info ] [MainThread]:   compute_region: None
[0m11:27:44.783518 [info ] [MainThread]:   dataproc_cluster_name: None
[0m11:27:44.783518 [info ] [MainThread]:   gcs_bucket: None
[0m11:27:44.784520 [info ] [MainThread]:   dataproc_batch: None
[0m11:27:44.784520 [info ] [MainThread]: Registered adapter: bigquery=1.11.1
[0m11:27:45.050228 [debug] [MainThread]: Acquiring new bigquery connection 'debug'
[0m11:27:45.050228 [debug] [MainThread]: On debug: select 1 as id
[0m11:27:45.050228 [debug] [MainThread]: Opening a new connection, currently in state init
[0m11:27:46.057665 [debug] [MainThread]: BigQuery adapter: https://console.cloud.google.com/bigquery?project=ecopulse-project-497716&j=bq:us-central1:fa1df004-ee32-4295-b1d2-e1c99237de76&page=queryresults
[0m11:27:46.382895 [debug] [MainThread]: SQL status: OK in 0.329 seconds
[0m11:27:46.698986 [info ] [MainThread]:   Connection test: [[32mOK connection ok[0m]

[0m11:27:46.702664 [info ] [MainThread]: [31m1 check failed:[0m
[0m11:27:46.703679 [info ] [MainThread]: Project loading failed for the following reason:
 project path <C:\Users\cyril\OneDrive\Bureau\EcoPulse-Ingestor\dbt_project.yml> not found

[0m11:27:46.705678 [debug] [MainThread]: Command `dbt debug` failed at 11:27:46.705678 after 2.69 seconds
[0m11:27:46.706680 [debug] [MainThread]: Connection 'debug' was properly closed.
[0m11:27:46.707678 [debug] [MainThread]: Sending event: {'category': 'dbt', 'action': 'invocation', 'label': 'end', 'context': [<snowplow_tracker.self_describing_json.SelfDescribingJson object at 0x000001B4E0DCC0B0>, <snowplow_tracker.self_describing_json.SelfDescribingJson object at 0x000001B4F47F5340>, <snowplow_tracker.self_describing_json.SelfDescribingJson object at 0x000001B4F45EF200>]}
[0m11:27:46.707678 [debug] [MainThread]: Flushing usage events
[0m11:27:47.259941 [debug] [MainThread]: An error was encountered while trying to flush usage events
[0m11:27:52.552568 [debug] [MainThread]: Sending event: {'category': 'dbt', 'action': 'invocation', 'label': 'start', 'context': [<snowplow_tracker.self_describing_json.SelfDescribingJson object at 0x000001AD5A5CA9C0>, <snowplow_tracker.self_describing_json.SelfDescribingJson object at 0x000001AD5AA59E20>, <snowplow_tracker.self_describing_json.SelfDescribingJson object at 0x000001AD59F1FA40>]}


============================== 11:27:52.562656 | d4e28cd9-a020-4b91-8ca5-544494cf6cef ==============================
[0m11:27:52.562656 [info ] [MainThread]: Running with dbt=1.11.11
[0m11:27:52.562656 [debug] [MainThread]: running dbt with arguments {'version_check': 'True', 'no_print': 'None', 'static_parser': 'True', 'target_path': 'None', 'warn_error_options': 'WarnErrorOptionsV2(error=[], warn=[], silence=[])', 'printer_width': '80', 'write_json': 'True', 'empty': 'False', 'log_cache_events': 'False', 'introspect': 'True', 'cache_selected_only': 'False', 'fail_fast': 'False', 'debug': 'False', 'log_format': 'default', 'profiles_dir': 'C:\\Users\\cyril\\.dbt', 'send_anonymous_usage_stats': 'True', 'quiet': 'False', 'warn_error': 'None', 'partial_parse': 'True', 'invocation_command': 'dbt run', 'use_colors': 'True', 'indirect_selection': 'eager', 'use_experimental_parser': 'False', 'log_path': 'logs'}
[0m11:27:52.562656 [error] [MainThread]: Encountered an error:
Runtime Error
  No dbt_project.yml found at expected path C:\Users\cyril\OneDrive\Bureau\EcoPulse-Ingestor\dbt_project.yml
  Verify that each entry within packages.yml (and their transitive dependencies) contains a file named dbt_project.yml
  
[0m11:27:52.562656 [debug] [MainThread]: Command `dbt run` failed at 11:27:52.562656 after 0.11 seconds
[0m11:27:52.562656 [debug] [MainThread]: Sending event: {'category': 'dbt', 'action': 'invocation', 'label': 'end', 'context': [<snowplow_tracker.self_describing_json.SelfDescribingJson object at 0x000001AD56AACC20>, <snowplow_tracker.self_describing_json.SelfDescribingJson object at 0x000001AD5AABC320>, <snowplow_tracker.self_describing_json.SelfDescribingJson object at 0x000001AD5AA3A600>]}
[0m11:27:52.562656 [debug] [MainThread]: Flushing usage events
[0m11:27:53.131856 [debug] [MainThread]: An error was encountered while trying to flush usage events
